<?xml version="1.0" encoding="UTF-8"?>
<!-- Generated by org.testng.reporters.JUnitReportReporter -->
<testsuite hostname="VIJAY" failures="0" tests="1" name="coverFoxTest.CF_TC555_Validate_search_results_for_healthcare_policies" time="28.777" errors="0" timestamp="2024-01-11T10:37:50 IST" skipped="0">
  <testcase classname="coverFoxTest.CF_TC555_Validate_search_results_for_healthcare_policies" name="validateTestPlansFromTextAndBanners" time="28.777">
    <system-out>
      <![CDATA[Fetching number of results from text 
Fetching number of results from Banners 
TC is passed 
Taking ScreenShot
Saved ScreenShot atC:\Users\vijay\Desktop\Class Notes\Practice Work\coverFoxvalidateTestPlansFromTextAndBanners_11.01.2024.10.37.42.png]]>
    </system-out>
  </testcase> <!-- validateTestPlansFromTextAndBanners -->
  <system-out>
    <![CDATA[Launching Browser
Click On Gender Button
click on next button
Handling age dropdown
Reading data from excelsheet
Clicking on next button
Entering PinCode
Reading data from excelsheet
Entering Mobile Number
Reading data from excelsheet
Clicking on continue Button
Fetching number of results from text 
Fetching number of results from Banners 
TC is passed 
Taking ScreenShot
Saved ScreenShot atC:\Users\vijay\Desktop\Class Notes\Practice Work\coverFoxvalidateTestPlansFromTextAndBanners_11.01.2024.10.37.42.png
Closing browser ]]>
  </system-out>
</testsuite> <!-- coverFoxTest.CF_TC555_Validate_search_results_for_healthcare_policies -->
